<?xml version="1.0" encoding="UTF-8"?>
<!-- Generated by org.testng.reporters.JUnitReportReporter -->
<testsuite skipped="0" hostname="Sandeep" name="com.HC.testCases.TC_QualityDashboardAcknowledge" tests="1" failures="0" timestamp="20 Jun 2022 12:04:47 GMT" time="63.277" errors="0">
  <testcase name="TC_QualityDashboardAcknowledge" time="63.277" classname="com.HC.testCases.TC_QualityDashboardAcknowledge"/>
</testsuite> <!-- com.HC.testCases.TC_QualityDashboardAcknowledge -->
