<?xml version="1.0" encoding="UTF-8"?>
<!-- Generated by org.testng.reporters.JUnitReportReporter -->
<testsuite skipped="0" hostname="Sandeep" name="com.HC.testCases.TC_IncidentDashboardPatientComplaints" tests="1" failures="0" timestamp="07 Apr 2022 11:39:23 GMT" time="14.920" errors="0">
  <testcase name="TC_IncidentDashboardPatientComplaints" time="14.920" classname="com.HC.testCases.TC_IncidentDashboardPatientComplaints"/>
</testsuite> <!-- com.HC.testCases.TC_IncidentDashboardPatientComplaints -->
