<?xml version="1.0" encoding="UTF-8"?>
<!-- Generated by org.testng.reporters.JUnitReportReporter -->
<testsuite skipped="0" hostname="Sandeep" name="com.HC.testCases.TC_QualityDashboardAllDetails" tests="1" failures="0" timestamp="11 Apr 2022 10:57:18 GMT" time="45.820" errors="0">
  <testcase name="TC_QualityDashboardAllDetails" time="45.820" classname="com.HC.testCases.TC_QualityDashboardAllDetails"/>
</testsuite> <!-- com.HC.testCases.TC_QualityDashboardAllDetails -->
