<?xml version="1.0" encoding="UTF-8"?>
<!-- Generated by org.testng.reporters.JUnitReportReporter -->
<testsuite skipped="0" hostname="Sandeep" name="com.HC.testCases.TC_IncidentReport" tests="1" failures="0" timestamp="11 Apr 2022 11:57:09 GMT" time="49.677" errors="0">
  <testcase name="TC_IncidentReport" time="49.677" classname="com.HC.testCases.TC_IncidentReport"/>
</testsuite> <!-- com.HC.testCases.TC_IncidentReport -->
