<?xml version="1.0" encoding="UTF-8"?>
<!-- Generated by org.testng.reporters.JUnitReportReporter -->
<testsuite skipped="0" hostname="Sandeep" name="com.HC.testCases.TC_QualityDashboardAllDetails" tests="1" failures="0" timestamp="19 Apr 2022 15:12:42 GMT" time="44.293" errors="0">
  <testcase name="TC_QualityDashboardAllDetails" time="44.293" classname="com.HC.testCases.TC_QualityDashboardAllDetails"/>
</testsuite> <!-- com.HC.testCases.TC_QualityDashboardAllDetails -->
