<?xml version="1.0" encoding="UTF-8"?>
<!-- Generated by org.testng.reporters.JUnitReportReporter -->
<testsuite skipped="0" hostname="Sandeep" name="com.HC.testCases.TC_IncidentDashboardClearDetails" tests="1" failures="0" timestamp="19 Apr 2022 15:57:36 GMT" time="39.083" errors="0">
  <testcase name="TC_IncidentDashboardClearDetails" time="39.083" classname="com.HC.testCases.TC_IncidentDashboardClearDetails"/>
</testsuite> <!-- com.HC.testCases.TC_IncidentDashboardClearDetails -->
