<?xml version="1.0" encoding="UTF-8"?>
<!-- Generated by org.testng.reporters.JUnitReportReporter -->
<testsuite skipped="0" hostname="Sandeep" name="com.HC.testCases.TC_IncidentReportAnonymouslyAllDetails" tests="1" failures="0" timestamp="08 Apr 2022 08:34:45 GMT" time="58.038" errors="0">
  <testcase name="TC_IncidentReportAnonymouslyAllDetails" time="58.038" classname="com.HC.testCases.TC_IncidentReportAnonymouslyAllDetails"/>
</testsuite> <!-- com.HC.testCases.TC_IncidentReportAnonymouslyAllDetails -->
