<?xml version="1.0" encoding="UTF-8"?>
<!-- Generated by org.testng.reporters.JUnitReportReporter -->
<testsuite skipped="0" hostname="Sandeep" name="com.HC.testCases.TC_QualityDashboardSearch" tests="1" failures="0" timestamp="07 Apr 2022 13:30:07 GMT" time="20.231" errors="0">
  <testcase name="TC_QualityDashboardSearch" time="20.231" classname="com.HC.testCases.TC_QualityDashboardSearch"/>
</testsuite> <!-- com.HC.testCases.TC_QualityDashboardSearch -->
