<?xml version="1.0" encoding="UTF-8"?>
<!-- Generated by org.testng.reporters.JUnitReportReporter -->
<testsuite skipped="0" hostname="Sandeep" name="com.HC.testCases.TC_IncidentDashboardSearchIRcode" tests="1" failures="0" timestamp="07 Apr 2022 07:52:46 GMT" time="18.180" errors="0">
  <testcase name="TC_IncidentDashboardSearchIRcode" time="18.180" classname="com.HC.testCases.TC_IncidentDashboardSearchIRcode"/>
</testsuite> <!-- com.HC.testCases.TC_IncidentDashboardSearchIRcode -->
