<?xml version="1.0" encoding="UTF-8"?>
<!-- Generated by org.testng.reporters.JUnitReportReporter -->
<testsuite skipped="0" hostname="Sandeep" name="com.HC.testCases.TC_IR_TAT" tests="1" failures="0" timestamp="24 Jun 2022 08:09:05 GMT" time="58.957" errors="0">
  <testcase name="TC_IR_TAT" time="58.957" classname="com.HC.testCases.TC_IR_TAT"/>
</testsuite> <!-- com.HC.testCases.TC_IR_TAT -->
