<?xml version="1.0" encoding="UTF-8"?>
<!-- Generated by org.testng.reporters.JUnitReportReporter -->
<testsuite skipped="0" hostname="Sandeep" name="com.HC.testCases.TC_IncidentReportClearDetails" tests="1" failures="0" timestamp="08 Apr 2022 08:51:29 GMT" time="59.079" errors="0">
  <testcase name="TC_IncidentReportClearDetails" time="59.079" classname="com.HC.testCases.TC_IncidentReportClearDetails"/>
</testsuite> <!-- com.HC.testCases.TC_IncidentReportClearDetails -->
