<?xml version="1.0" encoding="UTF-8"?>
<!-- Generated by org.testng.reporters.JUnitReportReporter -->
<testsuite skipped="0" hostname="Sandeep" name="com.HC.testCases.TC_QualityDashboardClearDetails" tests="1" failures="0" timestamp="07 Apr 2022 13:25:52 GMT" time="45.877" errors="0">
  <testcase name="TC_QualityDashboardClearDetails" time="45.877" classname="com.HC.testCases.TC_QualityDashboardClearDetails"/>
</testsuite> <!-- com.HC.testCases.TC_QualityDashboardClearDetails -->
