<?xml version="1.0" encoding="UTF-8"?>
<!-- Generated by org.testng.reporters.JUnitReportReporter -->
<testsuite skipped="0" hostname="Sandeep" name="com.HC.testCases.TC_IncidentDashboardAllDetails" tests="1" failures="0" timestamp="07 Apr 2022 11:09:05 GMT" time="38.088" errors="0">
  <testcase name="TC_IncidentDashboardAllDetails" time="38.088" classname="com.HC.testCases.TC_IncidentDashboardAllDetails"/>
</testsuite> <!-- com.HC.testCases.TC_IncidentDashboardAllDetails -->
