<?xml version="1.0" encoding="UTF-8"?>
<!-- Generated by org.testng.reporters.JUnitReportReporter -->
<testsuite skipped="0" hostname="Sandeep" name="com.HC.testCases.TC_IncidentDashboardMyDeptIRs" tests="1" failures="0" timestamp="19 Apr 2022 15:57:36 GMT" time="17.664" errors="0">
  <testcase name="TC_IncidentDashboardMyDeptIRs" time="17.664" classname="com.HC.testCases.TC_IncidentDashboardMyDeptIRs"/>
</testsuite> <!-- com.HC.testCases.TC_IncidentDashboardMyDeptIRs -->
