<?xml version="1.0" encoding="UTF-8"?>
<!-- Generated by org.testng.reporters.JUnitReportReporter -->
<testsuite skipped="0" hostname="Sandeep" name="com.HC.testCases.TC_IRinvestigationIRDetailsEditDelete" tests="1" failures="0" timestamp="27 Jul 2022 08:50:33 GMT" time="107.302" errors="0">
  <testcase name="TC_IRinvestigationIRDetailsEditDelete" time="107.302" classname="com.HC.testCases.TC_IRinvestigationIRDetailsEditDelete"/>
</testsuite> <!-- com.HC.testCases.TC_IRinvestigationIRDetailsEditDelete -->
