<?xml version="1.0" encoding="UTF-8"?>
<!-- Generated by org.testng.reporters.JUnitReportReporter -->
<testsuite skipped="0" hostname="Sandeep" name="com.HC.testCases.TC_IncidentReportClearDetails" tests="1" failures="0" timestamp="07 Apr 2022 13:49:25 GMT" time="61.218" errors="0">
  <testcase name="TC_IncidentReportClearDetails" time="61.218" classname="com.HC.testCases.TC_IncidentReportClearDetails"/>
</testsuite> <!-- com.HC.testCases.TC_IncidentReportClearDetails -->
