<?xml version="1.0" encoding="UTF-8"?>
<!-- Generated by org.testng.reporters.JUnitReportReporter -->
<testsuite skipped="0" hostname="Sandeep" name="com.HC.testCases.TC_IRinvestigationRecordInputs" tests="1" failures="0" timestamp="15 Sep 2022 11:10:49 GMT" time="120.572" errors="0">
  <testcase name="TC_IRinvestigationRecordInputs" time="120.572" classname="com.HC.testCases.TC_IRinvestigationRecordInputs"/>
</testsuite> <!-- com.HC.testCases.TC_IRinvestigationRecordInputs -->
