<?xml version="1.0" encoding="UTF-8"?>
<!-- Generated by org.testng.reporters.JUnitReportReporter -->
<testsuite skipped="0" hostname="Sandeep" name="com.HC.testCases.TC_IRinvestigationConfirmationMessage" tests="1" failures="0" timestamp="15 Sep 2022 11:10:50 GMT" time="70.656" errors="0">
  <testcase name="TC_IRinvestigationConfirmationMessage" time="70.656" classname="com.HC.testCases.TC_IRinvestigationConfirmationMessage"/>
</testsuite> <!-- com.HC.testCases.TC_IRinvestigationConfirmationMessage -->
