<?xml version="1.0" encoding="UTF-8"?>
<!-- Generated by org.testng.reporters.JUnitReportReporter -->
<testsuite skipped="0" hostname="Sandeep" name="com.HC.testCases.TC_IncidentDashboardSentinelEvents" tests="1" failures="0" timestamp="11 Apr 2022 10:57:18 GMT" time="15.461" errors="0">
  <testcase name="TC_IncidentDashboardSentinelEvents" time="15.461" classname="com.HC.testCases.TC_IncidentDashboardSentinelEvents"/>
</testsuite> <!-- com.HC.testCases.TC_IncidentDashboardSentinelEvents -->
