<?xml version="1.0" encoding="UTF-8"?>
<!-- Generated by org.testng.reporters.JUnitReportReporter -->
<testsuite skipped="0" hostname="Sandeep" name="com.HC.testCases.TC_IRinvestigationRecordInputs" tests="1" failures="0" timestamp="13 Jul 2022 06:24:08 GMT" time="27.517" errors="0">
  <testcase name="TC_IRinvestigationRecordInputs" time="27.517" classname="com.HC.testCases.TC_IRinvestigationRecordInputs"/>
</testsuite> <!-- com.HC.testCases.TC_IRinvestigationRecordInputs -->
