<?xml version="1.0" encoding="UTF-8"?>
<!-- Generated by org.testng.reporters.JUnitReportReporter -->
<testsuite skipped="0" hostname="Sandeep" name="com.HC.testCases.TC_IRinvestigationIRDetails" tests="1" failures="0" timestamp="15 Sep 2022 11:10:50 GMT" time="116.831" errors="0">
  <testcase name="TC_IRinvestigationIRDetails" time="116.831" classname="com.HC.testCases.TC_IRinvestigationIRDetails"/>
</testsuite> <!-- com.HC.testCases.TC_IRinvestigationIRDetails -->
