<?xml version="1.0" encoding="UTF-8"?>
<!-- Generated by org.testng.reporters.JUnitReportReporter -->
<testsuite skipped="0" hostname="Sandeep" name="com.HC.testCases.TC_QualityDashboardSearch" tests="1" failures="0" timestamp="19 Apr 2022 14:26:47 GMT" time="22.124" errors="0">
  <testcase name="TC_QualityDashboardSearch" time="22.124" classname="com.HC.testCases.TC_QualityDashboardSearch"/>
</testsuite> <!-- com.HC.testCases.TC_QualityDashboardSearch -->
