<?xml version="1.0" encoding="UTF-8"?>
<!-- Generated by org.testng.reporters.JUnitReportReporter -->
<testsuite skipped="0" hostname="Sandeep" name="com.HC.testCases.TC_IncidentReportAllDetails" tests="1" failures="0" timestamp="25 Apr 2022 13:27:11 GMT" time="66.698" errors="0">
  <testcase name="TC_IncidentReportAllDetails" time="66.698" classname="com.HC.testCases.TC_IncidentReportAllDetails"/>
</testsuite> <!-- com.HC.testCases.TC_IncidentReportAllDetails -->
