<?xml version="1.0" encoding="UTF-8"?>
<!-- Generated by org.testng.reporters.JUnitReportReporter -->
<testsuite skipped="0" hostname="Sandeep" name="com.HC.testCases.TC_IncidentDashboardMyDeptIRs" tests="1" failures="0" timestamp="08 Apr 2022 09:30:53 GMT" time="17.503" errors="0">
  <testcase name="TC_IncidentDashboardMyDeptIRs" time="17.503" classname="com.HC.testCases.TC_IncidentDashboardMyDeptIRs"/>
</testsuite> <!-- com.HC.testCases.TC_IncidentDashboardMyDeptIRs -->
