<?xml version="1.0" encoding="UTF-8"?>
<!-- Generated by org.testng.reporters.JUnitReportReporter -->
<testsuite skipped="0" hostname="Sandeep" name="com.HC.testCases.TC_IncidentDashboardAllDetails" tests="1" failures="0" timestamp="10 Jun 2022 09:09:36 GMT" time="40.167" errors="0">
  <testcase name="TC_IncidentDashboardAllDetails" time="40.167" classname="com.HC.testCases.TC_IncidentDashboardAllDetails"/>
</testsuite> <!-- com.HC.testCases.TC_IncidentDashboardAllDetails -->
