<?xml version="1.0" encoding="UTF-8"?>
<!-- Generated by org.testng.reporters.JUnitReportReporter -->
<testsuite skipped="0" hostname="Sandeep" name="com.HC.testCases.TC_IncidentReportClearDetails" tests="1" failures="0" timestamp="20 Apr 2022 07:24:21 GMT" time="48.080" errors="0">
  <testcase name="TC_IncidentReportClearDetails" time="48.080" classname="com.HC.testCases.TC_IncidentReportClearDetails"/>
</testsuite> <!-- com.HC.testCases.TC_IncidentReportClearDetails -->
