<?xml version="1.0" encoding="UTF-8"?>
<!-- Generated by org.testng.reporters.JUnitReportReporter -->
<testsuite skipped="0" hostname="Sandeep" name="com.HC.testCases.TC_QualityDashboardAssign" tests="1" failures="0" timestamp="20 Apr 2022 07:08:59 GMT" time="30.394" errors="0">
  <testcase name="TC_QualityDashboardAssign" time="30.394" classname="com.HC.testCases.TC_QualityDashboardAssign"/>
</testsuite> <!-- com.HC.testCases.TC_QualityDashboardAssign -->
