<?xml version="1.0" encoding="UTF-8"?>
<!-- Generated by org.testng.reporters.JUnitReportReporter -->
<testsuite skipped="0" hostname="Sandeep" name="com.HC.testCases.TC_IRinvestigationRecordInputs" tests="1" failures="0" timestamp="28 Jul 2022 10:18:08 GMT" time="102.763" errors="0">
  <testcase name="TC_IRinvestigationRecordInputs" time="102.763" classname="com.HC.testCases.TC_IRinvestigationRecordInputs"/>
</testsuite> <!-- com.HC.testCases.TC_IRinvestigationRecordInputs -->
