<?xml version="1.0" encoding="UTF-8"?>
<!-- Generated by org.testng.reporters.JUnitReportReporter -->
<testsuite skipped="0" hostname="Sandeep" name="com.HC.testCases.TC_IncidentReportPatientComplaintDetails" tests="1" failures="0" timestamp="26 Apr 2022 05:50:11 GMT" time="71.021" errors="0">
  <testcase name="TC_IncidentReportPatientComplaintDetails" time="71.021" classname="com.HC.testCases.TC_IncidentReportPatientComplaintDetails"/>
</testsuite> <!-- com.HC.testCases.TC_IncidentReportPatientComplaintDetails -->
