<?xml version="1.0" encoding="UTF-8"?>
<!-- Generated by org.testng.reporters.JUnitReportReporter -->
<testsuite skipped="0" hostname="Sandeep" name="com.HC.testCases.TC_IRinvestigationRecordInputs" tests="1" failures="0" timestamp="10 Jun 2022 15:02:32 GMT" time="33.532" errors="0">
  <testcase name="TC_IRinvestigationRecordInputs" time="33.532" classname="com.HC.testCases.TC_IRinvestigationRecordInputs"/>
</testsuite> <!-- com.HC.testCases.TC_IRinvestigationRecordInputs -->
