<?xml version="1.0" encoding="UTF-8"?>
<!-- Generated by org.testng.reporters.JUnitReportReporter -->
<testsuite skipped="0" hostname="Sandeep" name="com.HC.testCases.TC_QualityDashboardAssignedIRs" tests="1" failures="0" timestamp="19 Apr 2022 14:30:51 GMT" time="22.637" errors="0">
  <testcase name="TC_QualityDashboardAssignedIRs" time="22.637" classname="com.HC.testCases.TC_QualityDashboardAssignedIRs"/>
</testsuite> <!-- com.HC.testCases.TC_QualityDashboardAssignedIRs -->
